TN:
SF:C:\Users\12630\Desktop\SUSTechACD\src\components\BackToTop\index.vue
FNF:0
FNH:0
DA:8,1
DA:82,1
LF:2
LH:2
BRF:0
BRH:0
end_of_record
TN:
SF:C:\Users\12630\Desktop\SUSTechACD\src\components\Breadcrumb\index.vue
FNF:0
FNH:0
DA:11,1
DA:13,1
DA:67,1
LF:3
LH:3
BRF:0
BRH:0
end_of_record
TN:
SF:C:\Users\12630\Desktop\SUSTechACD\src\components\Charts\Keyboard.vue
FNF:0
FNH:0
DA:4,1
DA:6,1
DA:7,1
DA:8,1
DA:187,1
LF:5
LH:5
BRF:0
BRH:0
end_of_record
TN:
SF:C:\Users\12630\Desktop\SUSTechACD\src\components\Charts\LineMarker.vue
FNF:0
FNH:0
DA:4,1
DA:6,1
DA:7,1
DA:8,1
DA:328,1
LF:5
LH:5
BRF:0
BRH:0
end_of_record
TN:
SF:C:\Users\12630\Desktop\SUSTechACD\src\components\Charts\MixChart.vue
FNF:0
FNH:0
DA:4,1
DA:6,1
DA:7,1
DA:270,1
LF:4
LH:4
BRF:0
BRH:0
end_of_record
TN:
SF:C:\Users\12630\Desktop\SUSTechACD\src\components\Charts\mixins\resize.js
FNF:0
FNH:0
LF:0
LH:0
BRF:0
BRH:0
end_of_record
TN:
SF:C:\Users\12630\Desktop\SUSTechACD\src\components\DndList\index.vue
FNF:0
FNH:0
DA:30,1
DA:32,1
DA:104,1
LF:3
LH:3
BRF:0
BRH:0
end_of_record
TN:
SF:C:\Users\12630\Desktop\SUSTechACD\src\components\DragSelect\index.vue
FNF:0
FNH:0
DA:6,1
DA:8,1
DA:48,1
LF:3
LH:3
BRF:0
BRH:0
end_of_record
TN:
SF:C:\Users\12630\Desktop\SUSTechACD\src\components\Dropzone\index.vue
FNF:0
FNH:0
DA:8,0
DA:9,0
DA:12,0
DA:205,0
LF:4
LH:0
BRF:0
BRH:0
end_of_record
TN:
SF:C:\Users\12630\Desktop\SUSTechACD\src\components\ErrorLog\index.vue
FNF:0
FNH:0
DA:48,1
DA:68,1
LF:2
LH:2
BRF:0
BRH:0
end_of_record
TN:
SF:C:\Users\12630\Desktop\SUSTechACD\src\components\Hamburger\index.vue
FNF:0
FNH:0
DA:15,1
DA:30,1
LF:2
LH:2
BRF:0
BRH:0
end_of_record
TN:
SF:C:\Users\12630\Desktop\SUSTechACD\src\components\Pagination\index.vue
FNF:0
FNH:0
DA:16,1
DA:18,1
DA:90,1
LF:3
LH:3
BRF:0
BRH:0
end_of_record
TN:
SF:C:\Users\12630\Desktop\SUSTechACD\src\components\PanThumb\index.vue
FNF:0
FNH:0
DA:12,1
DA:34,1
LF:2
LH:2
BRF:0
BRH:0
end_of_record
TN:
SF:C:\Users\12630\Desktop\SUSTechACD\src\components\RightPanel\index.vue
FNF:0
FNH:0
DA:14,1
DA:16,1
DA:76,1
LF:3
LH:3
BRF:0
BRH:0
end_of_record
TN:
SF:C:\Users\12630\Desktop\SUSTechACD\src\components\Screenfull\index.vue
FNF:0
FNH:0
DA:6,1
DA:8,1
DA:48,1
LF:3
LH:3
BRF:0
BRH:0
end_of_record
TN:
SF:C:\Users\12630\Desktop\SUSTechACD\src\components\SizeSelect\index.vue
FNF:0
FNH:0
DA:14,1
DA:56,1
LF:2
LH:2
BRF:0
BRH:0
end_of_record
TN:
SF:C:\Users\12630\Desktop\SUSTechACD\src\components\Sticky\index.vue
FNF:0
FNH:0
DA:13,1
DA:90,1
LF:2
LH:2
BRF:0
BRH:0
end_of_record
TN:
SF:C:\Users\12630\Desktop\SUSTechACD\src\components\SvgIcon\index.vue
FNF:0
FNH:0
DA:9,1
DA:10,1
DA:45,1
LF:3
LH:3
BRF:0
BRH:0
end_of_record
TN:
SF:C:\Users\12630\Desktop\SUSTechACD\src\components\TextHoverEffect\Mallki.vue
FNF:0
FNH:0
DA:8,0
DA:21,0
LF:2
LH:0
BRF:0
BRH:0
end_of_record
TN:
SF:C:\Users\12630\Desktop\SUSTechACD\src\components\ThemePicker\index.vue
FNF:0
FNH:0
DA:11,1
DA:12,1
DA:157,1
LF:3
LH:3
BRF:0
BRH:0
end_of_record
TN:
SF:C:\Users\12630\Desktop\SUSTechACD\src\components\UploadExcel\index.vue
FNF:0
FNH:0
DA:12,1
DA:14,1
DA:118,1
LF:3
LH:3
BRF:0
BRH:0
end_of_record
TN:
SF:C:\Users\12630\Desktop\SUSTechACD\src\utils\clipboard.js
FNF:0
FNH:0
LF:0
LH:0
BRF:0
BRH:0
end_of_record
TN:
SF:C:\Users\12630\Desktop\SUSTechACD\src\utils\error-log.js
FNF:0
FNH:0
LF:0
LH:0
BRF:0
BRH:0
end_of_record
TN:
SF:C:\Users\12630\Desktop\SUSTechACD\src\utils\get-page-title.js
FN:5,getPageTitle
FNF:1
FNH:0
FNDA:0,getPageTitle
DA:3,0
DA:6,0
DA:7,0
DA:9,0
LF:4
LH:0
BRDA:3,0,0,0
BRDA:3,0,1,0
BRDA:6,1,0,0
BRDA:6,1,1,0
BRF:4
BRH:0
end_of_record
TN:
SF:C:\Users\12630\Desktop\SUSTechACD\src\utils\index.js
FNF:0
FNH:0
LF:0
LH:0
BRF:0
BRH:0
end_of_record
TN:
SF:C:\Users\12630\Desktop\SUSTechACD\src\utils\open-window.js
FN:8,openWindow
FNF:1
FNH:1
FNDA:1,openWindow
DA:10,1
DA:11,1
DA:13,1
DA:14,1
DA:16,1
DA:17,1
DA:18,1
DA:24,1
LF:8
LH:8
BRDA:10,0,0,1
BRDA:10,0,1,0
BRDA:11,1,0,1
BRDA:11,1,1,0
BRDA:13,2,0,1
BRDA:13,2,1,0
BRDA:13,3,0,0
BRDA:13,3,1,0
BRDA:14,4,0,1
BRDA:14,4,1,0
BRDA:14,5,0,0
BRDA:14,5,1,0
BRF:12
BRH:4
end_of_record
TN:
SF:C:\Users\12630\Desktop\SUSTechACD\src\utils\permission.js
FNF:0
FNH:0
LF:0
LH:0
BRF:0
BRH:0
end_of_record
TN:
SF:C:\Users\12630\Desktop\SUSTechACD\src\utils\scroll-to.js
FN:1,(anonymous_0)
FN:11,(anonymous_1)
FN:12,(anonymous_2)
FN:19,move
FN:26,position
FN:35,scrollTo
FN:41,(anonymous_6)
FNF:7
FNH:6
FNDA:2,(anonymous_0)
FNDA:2,(anonymous_1)
FNDA:0,(anonymous_2)
FNDA:2,move
FNDA:2,position
FNDA:2,scrollTo
FNDA:2,(anonymous_6)
DA:1,2
DA:2,2
DA:3,2
DA:4,1
DA:6,1
DA:7,1
DA:11,2
DA:12,2
DA:20,2
DA:21,2
DA:22,2
DA:23,2
DA:27,2
DA:36,2
DA:37,2
DA:38,2
DA:39,2
DA:40,2
DA:41,2
DA:43,2
DA:45,2
DA:47,2
DA:49,2
DA:50,1
DA:59,2
DA:60,2
LF:26
LH:26
BRDA:3,0,0,1
BRDA:3,0,1,1
BRDA:12,1,0,2
BRDA:12,1,1,0
BRDA:12,1,2,0
BRDA:12,1,3,0
BRDA:27,2,0,2
BRDA:27,2,1,1
BRDA:27,2,2,1
BRDA:40,3,0,0
BRDA:40,3,1,2
BRDA:49,4,0,1
BRDA:49,4,1,1
BRF:13
BRH:9
end_of_record
TN:
SF:C:\Users\12630\Desktop\SUSTechACD\src\utils\validate.js
FN:9,isExternal
FN:17,validUsername
FN:26,validURL
FN:35,validLowerCase
FN:44,validUpperCase
FN:53,validAlphabets
FN:62,validEmail
FN:71,isString
FN:82,isArray
FN:92,isnumber
FNF:10
FNH:10
FNDA:3,isExternal
FNDA:1,validUsername
FNDA:1,validURL
FNDA:1,validLowerCase
FNDA:1,validUpperCase
FNDA:1,validAlphabets
FNDA:1,validEmail
FNDA:2,isString
FNDA:1,isArray
FNDA:30,isnumber
DA:10,3
DA:18,1
DA:19,1
DA:27,1
DA:28,1
DA:36,1
DA:37,1
DA:45,1
DA:46,1
DA:54,1
DA:55,1
DA:63,1
DA:64,1
DA:72,2
DA:73,1
DA:75,1
DA:86,1
DA:93,30
DA:94,29
DA:95,28
DA:96,27
DA:97,26
DA:98,25
DA:99,24
DA:100,23
DA:101,22
DA:102,21
DA:103,20
DA:104,19
DA:105,18
DA:106,17
DA:107,16
DA:108,15
DA:109,14
DA:110,13
DA:111,12
DA:112,11
DA:113,10
DA:114,9
DA:115,8
DA:116,7
DA:117,6
DA:118,5
DA:119,4
DA:120,3
DA:121,2
DA:122,1
LF:47
LH:47
BRDA:72,0,0,1
BRDA:72,0,1,1
BRDA:72,1,0,2
BRDA:72,1,1,1
BRDA:93,2,0,1
BRDA:93,2,1,29
BRDA:94,3,0,1
BRDA:94,3,1,28
BRDA:95,4,0,1
BRDA:95,4,1,27
BRDA:96,5,0,1
BRDA:96,5,1,26
BRDA:97,6,0,1
BRDA:97,6,1,25
BRDA:98,7,0,1
BRDA:98,7,1,24
BRDA:99,8,0,1
BRDA:99,8,1,23
BRDA:100,9,0,1
BRDA:100,9,1,22
BRDA:101,10,0,1
BRDA:101,10,1,21
BRDA:102,11,0,1
BRDA:102,11,1,20
BRDA:103,12,0,1
BRDA:103,12,1,19
BRDA:104,13,0,1
BRDA:104,13,1,18
BRDA:105,14,0,1
BRDA:105,14,1,17
BRDA:106,15,0,1
BRDA:106,15,1,16
BRDA:107,16,0,1
BRDA:107,16,1,15
BRDA:108,17,0,1
BRDA:108,17,1,14
BRDA:109,18,0,1
BRDA:109,18,1,13
BRDA:110,19,0,1
BRDA:110,19,1,12
BRDA:111,20,0,1
BRDA:111,20,1,11
BRDA:112,21,0,1
BRDA:112,21,1,10
BRDA:113,22,0,1
BRDA:113,22,1,9
BRDA:114,23,0,1
BRDA:114,23,1,8
BRDA:115,24,0,1
BRDA:115,24,1,7
BRDA:116,25,0,1
BRDA:116,25,1,6
BRDA:117,26,0,1
BRDA:117,26,1,5
BRDA:118,27,0,1
BRDA:118,27,1,4
BRDA:119,28,0,1
BRDA:119,28,1,3
BRDA:120,29,0,1
BRDA:120,29,1,2
BRDA:121,30,0,1
BRDA:121,30,1,1
BRDA:122,31,0,1
BRDA:122,31,1,0
BRF:64
BRH:63
end_of_record
